0 info it worked if it ends with ok
1 verbose cli [ '/usr/local/Cellar/node/5.3.0/bin/node',
1 verbose cli   '/usr/local/bin/npm',
1 verbose cli   'start' ]
2 info using npm@3.8.3
3 info using node@v5.3.0
4 verbose run-script [ 'prestart', 'start', 'poststart' ]
5 info lifecycle der-zyklop.de@1.0.0~prestart: der-zyklop.de@1.0.0
6 verbose lifecycle der-zyklop.de@1.0.0~prestart: unsafe-perm in lifecycle true
7 verbose lifecycle der-zyklop.de@1.0.0~prestart: PATH: /usr/local/lib/node_modules/npm/bin/node-gyp-bin:/Users/derzyklop/BitTorrent Sync/S/der-zyklop.de/node_modules/.bin:/usr/local/Cellar/node/5.3.0/bin:/usr/local/bin:/Users/derzyklop/.dotfiles/bin:/usr/local/sbin:/usr/local/bin:/usr/bin:/bin:/usr/sbin:/sbin:/usr/local/MacGPG2/bin
8 verbose lifecycle der-zyklop.de@1.0.0~prestart: CWD: /Users/derzyklop/BitTorrent Sync/S/der-zyklop.de
9 silly lifecycle der-zyklop.de@1.0.0~prestart: Args: [ '-c', 'npm install' ]
10 silly lifecycle der-zyklop.de@1.0.0~prestart: Returned: code: 0  signal: null
11 info lifecycle der-zyklop.de@1.0.0~start: der-zyklop.de@1.0.0
12 verbose lifecycle der-zyklop.de@1.0.0~start: unsafe-perm in lifecycle true
13 verbose lifecycle der-zyklop.de@1.0.0~start: PATH: /usr/local/lib/node_modules/npm/bin/node-gyp-bin:/Users/derzyklop/BitTorrent Sync/S/der-zyklop.de/node_modules/.bin:/usr/local/Cellar/node/5.3.0/bin:/usr/local/bin:/Users/derzyklop/.dotfiles/bin:/usr/local/sbin:/usr/local/bin:/usr/bin:/bin:/usr/sbin:/sbin:/usr/local/MacGPG2/bin
14 verbose lifecycle der-zyklop.de@1.0.0~start: CWD: /Users/derzyklop/BitTorrent Sync/S/der-zyklop.de
15 silly lifecycle der-zyklop.de@1.0.0~start: Args: [ '-c', 'grunt' ]
16 silly lifecycle der-zyklop.de@1.0.0~start: Returned: code: 6  signal: null
17 info lifecycle der-zyklop.de@1.0.0~start: Failed to exec start script
18 verbose stack Error: der-zyklop.de@1.0.0 start: `grunt`
18 verbose stack Exit status 6
18 verbose stack     at EventEmitter.<anonymous> (/usr/local/lib/node_modules/npm/lib/utils/lifecycle.js:239:16)
18 verbose stack     at emitTwo (events.js:87:13)
18 verbose stack     at EventEmitter.emit (events.js:172:7)
18 verbose stack     at ChildProcess.<anonymous> (/usr/local/lib/node_modules/npm/lib/utils/spawn.js:24:14)
18 verbose stack     at emitTwo (events.js:87:13)
18 verbose stack     at ChildProcess.emit (events.js:172:7)
18 verbose stack     at maybeClose (internal/child_process.js:818:16)
18 verbose stack     at Process.ChildProcess._handle.onexit (internal/child_process.js:211:5)
19 verbose pkgid der-zyklop.de@1.0.0
20 verbose cwd /Users/derzyklop/BitTorrent Sync/S/der-zyklop.de
21 error Darwin 15.2.0
22 error argv "/usr/local/Cellar/node/5.3.0/bin/node" "/usr/local/bin/npm" "start"
23 error node v5.3.0
24 error npm  v3.8.3
25 error code ELIFECYCLE
26 error der-zyklop.de@1.0.0 start: `grunt`
26 error Exit status 6
27 error Failed at the der-zyklop.de@1.0.0 start script 'grunt'.
27 error Make sure you have the latest version of node.js and npm installed.
27 error If you do, this is most likely a problem with the der-zyklop.de package,
27 error not with npm itself.
27 error Tell the author that this fails on your system:
27 error     grunt
27 error You can get information on how to open an issue for this project with:
27 error     npm bugs der-zyklop.de
27 error Or if that isn't available, you can get their info via:
27 error     npm owner ls der-zyklop.de
27 error There is likely additional logging output above.
28 verbose exit [ 1, true ]
